2018-11-01 18:28:05 INFO  [main]: 

Дубликаты-1:
	d:\catalogtest2\полное\untitled.mp3
	d:\catalogtest2\чужое\untitled.mp3

Дубликаты-2:
	d:\catalogtest2\полное\stay at home alone.mp3
	d:\catalogtest2\чужое\stay at home.mp3

2018-11-01 18:28:05 INFO  [main]: 

pzharskiy last summer Snow:
	d:\catalogtest2\полное\untitled.mp3
	d:\catalogtest2\чужое\untitled.mp3

pzharskiy last summer stay at home:
	d:\catalogtest2\Slowly.mp3
	d:\catalogtest2\полное\stay at home alone.mp3
	d:\catalogtest2\чужое\stay at home.mp3

2018-11-01 23:28:48 INFO  [main]: 

Дубликаты-1:
	d:\catalogtest2\полное\untitled.mp3
	d:\catalogtest2\чужое\untitled.mp3

Дубликаты-2:
	d:\catalogtest2\полное\stay at home alone.mp3
	d:\catalogtest2\чужое\stay at home.mp3

2018-11-01 23:28:48 INFO  [main]: 

pzharskiy last summer Snow:
	d:\catalogtest2\полное\untitled.mp3
	d:\catalogtest2\чужое\untitled.mp3

pzharskiy last summer stay at home:
	d:\catalogtest2\Slowly.mp3
	d:\catalogtest2\полное\stay at home alone.mp3
	d:\catalogtest2\чужое\stay at home.mp3

2018-11-02 00:06:38 INFO  Catalog:158 - 
Дубликаты-1:
	d:\catalogtest2\полное\untitled.mp3
	d:\catalogtest2\чужое\untitled.mp3

Дубликаты-2:
	d:\catalogtest2\полное\stay at home alone.mp3
	d:\catalogtest2\чужое\stay at home.mp3

2018-11-02 00:06:38 INFO  Catalog:199 - 
pzharskiy last summer Snow:
	d:\catalogtest2\полное\untitled.mp3
	d:\catalogtest2\чужое\untitled.mp3

pzharskiy last summer stay at home:
	d:\catalogtest2\Slowly.mp3
	d:\catalogtest2\полное\stay at home alone.mp3
	d:\catalogtest2\чужое\stay at home.mp3

2018-11-02 23:35:10 INFO  Catalog:158 - 
Дубликаты-1:
	d:\catalogtest2\полное\untitled.mp3
	d:\catalogtest2\чужое\untitled.mp3

Дубликаты-2:
	d:\catalogtest2\полное\stay at home alone.mp3
	d:\catalogtest2\чужое\stay at home.mp3

2018-11-02 23:35:10 INFO  Catalog:199 - 
pzharskiy last summer Snow:
	d:\catalogtest2\полное\untitled.mp3
	d:\catalogtest2\чужое\untitled.mp3

pzharskiy last summer stay at home:
	d:\catalogtest2\Slowly.mp3
	d:\catalogtest2\полное\stay at home alone.mp3
	d:\catalogtest2\чужое\stay at home.mp3

